<?xml version="1.0" encoding="UTF-8"?>
<!-- Generated by org.testng.reporters.JUnitXMLReporter -->
<testsuite ignored="0" hostname="LAPTOP-6V5G6Q8J" failures="0" tests="5" name="Test" time="6.945" errors="0" timestamp="2024-12-19T00:42:14 IST">
  <testcase classname="TestCases.VideoGameTC" name="test_getAllVideoGames" time="4.642"/>
  <testcase classname="TestCases.VideoGameTC" name="text_addNewVideoGame" time="0.827"/>
  <testcase classname="TestCases.VideoGameTC" name="text_getNewVideoGame" time="1.006"/>
  <testcase classname="TestCases.VideoGameTC" name="test_UpdateVideoGame" time="0.178"/>
  <testcase classname="TestCases.VideoGameTC" name="test_DeleteVideoGame" time="0.187"/>
</testsuite> <!-- Test -->
