<?xml version="1.0" encoding="UTF-8"?>
<testng-results ignored="0" total="5" passed="5" failed="0" skipped="0">
  <reporter-output>
  </reporter-output>
  <suite started-at="2024-12-19T00:42:07 IST" name="Suite" finished-at="2024-12-19T00:42:14 IST" duration-ms="6945">
    <groups>
    </groups>
    <test started-at="2024-12-19T00:42:07 IST" name="Test" finished-at="2024-12-19T00:42:14 IST" duration-ms="6945">
      <class name="TestCases.VideoGameTC">
        <test-method signature="test_getAllVideoGames()[pri:1, instance:TestCases.VideoGameTC@31304f14]" started-at="2024-12-19T00:42:07 IST" name="test_getAllVideoGames" finished-at="2024-12-19T00:42:12 IST" duration-ms="4642" status="PASS">
          <reporter-output>
          </reporter-output>
        </test-method> <!-- test_getAllVideoGames -->
        <test-method signature="text_addNewVideoGame()[pri:2, instance:TestCases.VideoGameTC@31304f14]" started-at="2024-12-19T00:42:12 IST" name="text_addNewVideoGame" finished-at="2024-12-19T00:42:13 IST" duration-ms="827" status="PASS">
          <reporter-output>
          </reporter-output>
        </test-method> <!-- text_addNewVideoGame -->
        <test-method signature="text_getNewVideoGame()[pri:3, instance:TestCases.VideoGameTC@31304f14]" started-at="2024-12-19T00:42:13 IST" name="text_getNewVideoGame" finished-at="2024-12-19T00:42:14 IST" duration-ms="1006" status="PASS">
          <reporter-output>
          </reporter-output>
        </test-method> <!-- text_getNewVideoGame -->
        <test-method signature="test_UpdateVideoGame()[pri:4, instance:TestCases.VideoGameTC@31304f14]" started-at="2024-12-19T00:42:14 IST" name="test_UpdateVideoGame" finished-at="2024-12-19T00:42:14 IST" duration-ms="178" status="PASS">
          <reporter-output>
          </reporter-output>
        </test-method> <!-- test_UpdateVideoGame -->
        <test-method signature="test_DeleteVideoGame()[pri:5, instance:TestCases.VideoGameTC@31304f14]" started-at="2024-12-19T00:42:14 IST" name="test_DeleteVideoGame" finished-at="2024-12-19T00:42:14 IST" duration-ms="187" status="PASS">
          <reporter-output>
          </reporter-output>
        </test-method> <!-- test_DeleteVideoGame -->
      </class> <!-- TestCases.VideoGameTC -->
    </test> <!-- Test -->
  </suite> <!-- Suite -->
</testng-results>
